<?xml version="1.0" encoding="UTF-8"?>
<!-- Generated by org.testng.reporters.JUnitReportReporter -->
<testsuite hostname="LAPTOP-PROF89OK" failures="0" tests="4" name="TestPackage.NewTest1" time="30.149" errors="0" timestamp="2023-03-28T09:28:03 IST" skipped="0">
  <testcase classname="TestPackage.NewTest1" name="test1" time="7.076"/>
  <system-out/>
  <testcase classname="TestPackage.NewTest1" name="test2" time="7.250"/>
  <system-out/>
  <testcase classname="TestPackage.NewTest1" name="test3" time="7.803"/>
  <system-out/>
  <testcase classname="TestPackage.NewTest1" name="test4" time="8.020"/>
  <system-out/>
</testsuite> <!-- TestPackage.NewTest1 -->
