<?xml version="1.0" encoding="UTF-8"?>
<!-- Generated by org.testng.reporters.JUnitReportReporter -->
<testsuite hostname="LAPTOP-PROF89OK" failures="0" tests="3" name="TestPackage.NewTest" time="6.285" errors="0" timestamp="2023-03-27T12:15:20 IST" skipped="0">
  <testcase classname="TestPackage.NewTest" name="launchBrowser" time="2.183"/>
  <system-out/>
  <testcase classname="TestPackage.NewTest" name="VerifyTitle" time="2.702"/>
  <system-out/>
  <testcase classname="TestPackage.NewTest" name="closeBrowser" time="1.400"/>
  <system-out/>
</testsuite> <!-- TestPackage.NewTest -->
