<?xml version="1.0" encoding="UTF-8"?>
<!-- Generated by org.testng.reporters.JUnitReportReporter -->
<testsuite hostname="LAPTOP-PROF89OK" failures="0" tests="3" name="TestPackage.DataProvider" time="10.065" errors="0" timestamp="2023-03-28T13:04:50 IST" skipped="0">
  <testcase classname="TestPackage.DataProvider" name="login" time="2.949"/>
  <system-out/>
  <testcase classname="TestPackage.DataProvider" name="login" time="3.024"/>
  <system-out/>
  <testcase classname="TestPackage.DataProvider" name="login" time="4.092"/>
  <system-out/>
</testsuite> <!-- TestPackage.DataProvider -->
